<?xml version="1.0" encoding="UTF-8"?>
<testsuite name="DifferenceOfSquaresCalculatorTest" tests="9" skipped="0" failures="0" errors="0" timestamp="2023-05-21T18:06:48" hostname="Josephs-Air.fios-router.home" time="0.001">
  <properties/>
  <testcase name="testDifferenceOfSquaresUpToHundred" classname="DifferenceOfSquaresCalculatorTest" time="0.0"/>
  <testcase name="testSquareOfSumUpToOne" classname="DifferenceOfSquaresCalculatorTest" time="0.0"/>
  <testcase name="testSquareOfSumUpToHundred" classname="DifferenceOfSquaresCalculatorTest" time="0.0"/>
  <testcase name="testDifferenceOfSquaresUpToOne" classname="DifferenceOfSquaresCalculatorTest" time="0.0"/>
  <testcase name="testSumOfSquaresUpToHundred" classname="DifferenceOfSquaresCalculatorTest" time="0.0"/>
  <testcase name="testSquareOfSumUpToFive" classname="DifferenceOfSquaresCalculatorTest" time="0.0"/>
  <testcase name="testDifferenceOfSquaresUpToFive" classname="DifferenceOfSquaresCalculatorTest" time="0.0"/>
  <testcase name="testSumOfSquaresUpToOne" classname="DifferenceOfSquaresCalculatorTest" time="0.0"/>
  <testcase name="testSumOfSquaresUpToFive" classname="DifferenceOfSquaresCalculatorTest" time="0.0"/>
  <system-out><![CDATA[]]></system-out>
  <system-err><![CDATA[]]></system-err>
</testsuite>
