<?xml version="1.0" encoding="UTF-8"?>
<testsuite name="FighterTest" tests="6" skipped="0" failures="0" errors="0" timestamp="2023-05-19T18:41:04" hostname="Josephs-Air.fios-router.home" time="0.026">
  <properties/>
  <testcase name="testWarriorToString" classname="FighterTest" time="0.024"/>
  <testcase name="testFighterVulnerableByDefault" classname="FighterTest" time="0.001"/>
  <testcase name="testWarriorsDamagePoints" classname="FighterTest" time="0.0"/>
  <testcase name="testWizardToString" classname="FighterTest" time="0.001"/>
  <testcase name="testWizardsDamagePoints" classname="FighterTest" time="0.0"/>
  <testcase name="testWizardVulnerable" classname="FighterTest" time="0.0"/>
  <system-out><![CDATA[]]></system-out>
  <system-err><![CDATA[]]></system-err>
</testsuite>
