<?xml version="1.0" encoding="UTF-8"?>
<testsuite name="ScrabbleScoreTest" tests="11" skipped="0" failures="0" errors="0" timestamp="2023-05-12T01:08:16" hostname="Josephs-Air.fios-router.home" time="0.009">
  <properties/>
  <testcase name="testAShortValuableWord" classname="ScrabbleScoreTest" time="0.008"/>
  <testcase name="testEntireAlphabetAvailable" classname="ScrabbleScoreTest" time="0.0"/>
  <testcase name="testAUpperCaseLetter" classname="ScrabbleScoreTest" time="0.0"/>
  <testcase name="testALongMixCaseWord" classname="ScrabbleScoreTest" time="0.0"/>
  <testcase name="testAEnglishLikeWord" classname="ScrabbleScoreTest" time="0.0"/>
  <testcase name="testAValuableLetter" classname="ScrabbleScoreTest" time="0.0"/>
  <testcase name="testALowerCaseLetter" classname="ScrabbleScoreTest" time="0.0"/>
  <testcase name="testAMediumWord" classname="ScrabbleScoreTest" time="0.0"/>
  <testcase name="testAnEmptyInput" classname="ScrabbleScoreTest" time="0.0"/>
  <testcase name="testAShortWord" classname="ScrabbleScoreTest" time="0.0"/>
  <testcase name="testAMediumValuableWord" classname="ScrabbleScoreTest" time="0.0"/>
  <system-out><![CDATA[]]></system-out>
  <system-err><![CDATA[]]></system-err>
</testsuite>
